mode: set
github.com/mach6/go-covercheck/pkg/output/color.go:15.42,17.2 1 1
github.com/mach6/go-covercheck/pkg/output/color.go:19.30,22.36 3 1
github.com/mach6/go-covercheck/pkg/output/color.go:22.36,27.3 1 1
github.com/mach6/go-covercheck/pkg/output/color.go:28.2,28.38 1 1
github.com/mach6/go-covercheck/pkg/output/color.go:28.38,33.3 1 1
github.com/mach6/go-covercheck/pkg/output/color.go:34.2,34.38 1 1
github.com/mach6/go-covercheck/pkg/output/color.go:34.38,39.3 1 1
github.com/mach6/go-covercheck/pkg/output/color.go:40.2,40.38 1 1
github.com/mach6/go-covercheck/pkg/output/color.go:40.38,45.3 1 0
github.com/mach6/go-covercheck/pkg/output/color.go:46.2,46.37 1 1
github.com/mach6/go-covercheck/pkg/output/color.go:46.37,51.3 1 0
github.com/mach6/go-covercheck/pkg/output/color.go:52.2,52.38 1 1
github.com/mach6/go-covercheck/pkg/output/color.go:52.38,57.3 1 1
github.com/mach6/go-covercheck/pkg/output/color.go:58.2,58.39 1 1
github.com/mach6/go-covercheck/pkg/output/color.go:58.39,63.3 1 0
github.com/mach6/go-covercheck/pkg/output/color.go:64.2,65.59 2 1
github.com/mach6/go-covercheck/pkg/output/color.go:68.72,69.9 1 1
github.com/mach6/go-covercheck/pkg/output/color.go:70.32,71.45 1 0
github.com/mach6/go-covercheck/pkg/output/color.go:72.17,73.45 1 0
github.com/mach6/go-covercheck/pkg/output/color.go:76.2,77.9 2 1
github.com/mach6/go-covercheck/pkg/output/color.go:78.17,79.45 1 1
github.com/mach6/go-covercheck/pkg/output/color.go:80.17,81.48 1 1
github.com/mach6/go-covercheck/pkg/output/color.go:82.10,83.47 1 1
github.com/mach6/go-covercheck/pkg/output/history.go:17.83,27.53 5 1
github.com/mach6/go-covercheck/pkg/output/history.go:27.53,29.3 1 0
github.com/mach6/go-covercheck/pkg/output/history.go:32.78,35.41 2 1
github.com/mach6/go-covercheck/pkg/output/history.go:35.41,36.51 1 1
github.com/mach6/go-covercheck/pkg/output/history.go:36.51,37.36 1 1
github.com/mach6/go-covercheck/pkg/output/history.go:37.36,40.17 3 1
github.com/mach6/go-covercheck/pkg/output/history.go:40.17,41.22 1 1
github.com/mach6/go-covercheck/pkg/output/history.go:41.22,44.7 2 1
github.com/mach6/go-covercheck/pkg/output/history.go:46.6,46.12 1 1
github.com/mach6/go-covercheck/pkg/output/history.go:46.12,49.7 2 1
github.com/mach6/go-covercheck/pkg/output/history.go:50.6,50.12 1 1
github.com/mach6/go-covercheck/pkg/output/history.go:50.12,53.7 2 1
github.com/mach6/go-covercheck/pkg/output/history.go:54.6,54.19 1 1
github.com/mach6/go-covercheck/pkg/output/history.go:59.2,59.20 1 1
github.com/mach6/go-covercheck/pkg/output/history.go:62.76,68.16 4 1
github.com/mach6/go-covercheck/pkg/output/history.go:68.16,71.10 3 1
github.com/mach6/go-covercheck/pkg/output/history.go:71.10,74.4 2 1
github.com/mach6/go-covercheck/pkg/output/history.go:75.3,75.10 1 1
github.com/mach6/go-covercheck/pkg/output/history.go:75.10,78.4 2 1
github.com/mach6/go-covercheck/pkg/output/history.go:80.2,80.22 1 1
github.com/mach6/go-covercheck/pkg/output/history.go:83.75,86.38 2 1
github.com/mach6/go-covercheck/pkg/output/history.go:86.38,87.48 1 1
github.com/mach6/go-covercheck/pkg/output/history.go:87.48,88.30 1 1
github.com/mach6/go-covercheck/pkg/output/history.go:88.30,91.17 3 1
github.com/mach6/go-covercheck/pkg/output/history.go:91.17,92.23 1 1
github.com/mach6/go-covercheck/pkg/output/history.go:92.23,95.7 2 1
github.com/mach6/go-covercheck/pkg/output/history.go:97.6,97.12 1 1
github.com/mach6/go-covercheck/pkg/output/history.go:97.12,100.7 2 1
github.com/mach6/go-covercheck/pkg/output/history.go:101.6,101.12 1 1
github.com/mach6/go-covercheck/pkg/output/history.go:101.12,104.7 2 1
github.com/mach6/go-covercheck/pkg/output/history.go:105.6,105.19 1 1
github.com/mach6/go-covercheck/pkg/output/history.go:110.2,110.21 1 1
github.com/mach6/go-covercheck/pkg/output/history.go:114.69,116.42 2 1
github.com/mach6/go-covercheck/pkg/output/history.go:116.42,118.3 1 0
github.com/mach6/go-covercheck/pkg/output/history.go:120.2,120.39 1 1
github.com/mach6/go-covercheck/pkg/output/history.go:120.39,123.3 2 0
github.com/mach6/go-covercheck/pkg/output/history.go:125.2,171.23 6 1
github.com/mach6/go-covercheck/pkg/output/history.go:171.23,189.3 5 1
github.com/mach6/go-covercheck/pkg/output/history.go:191.2,195.56 2 1
github.com/mach6/go-covercheck/pkg/output/history.go:198.48,199.16 1 1
github.com/mach6/go-covercheck/pkg/output/history.go:199.16,201.3 1 0
github.com/mach6/go-covercheck/pkg/output/history.go:202.2,202.15 1 1
github.com/mach6/go-covercheck/pkg/output/history.go:202.15,204.3 1 1
github.com/mach6/go-covercheck/pkg/output/history.go:205.2,205.46 1 1
github.com/mach6/go-covercheck/pkg/output/history.go:208.46,209.24 1 1
github.com/mach6/go-covercheck/pkg/output/history.go:209.24,211.3 1 1
github.com/mach6/go-covercheck/pkg/output/history.go:212.2,215.29 4 0
github.com/mach6/go-covercheck/pkg/output/history.go:215.29,216.36 1 0
github.com/mach6/go-covercheck/pkg/output/history.go:216.36,219.4 2 0
github.com/mach6/go-covercheck/pkg/output/history.go:219.9,220.18 1 0
github.com/mach6/go-covercheck/pkg/output/history.go:220.18,222.5 1 0
github.com/mach6/go-covercheck/pkg/output/history.go:223.4,223.16 1 0
github.com/mach6/go-covercheck/pkg/output/history.go:226.2,226.16 1 0
github.com/mach6/go-covercheck/pkg/output/history.go:226.16,228.3 1 0
github.com/mach6/go-covercheck/pkg/output/history.go:229.2,229.36 1 0
github.com/mach6/go-covercheck/pkg/output/history.go:232.21,234.2 1 1
github.com/mach6/go-covercheck/pkg/output/history.go:236.21,238.2 1 1
github.com/mach6/go-covercheck/pkg/output/report.go:16.29,17.16 1 1
github.com/mach6/go-covercheck/pkg/output/report.go:17.16,20.3 2 0
github.com/mach6/go-covercheck/pkg/output/report.go:24.84,25.20 1 1
github.com/mach6/go-covercheck/pkg/output/report.go:26.98,29.42 3 1
github.com/mach6/go-covercheck/pkg/output/report.go:30.25,31.18 1 1
github.com/mach6/go-covercheck/pkg/output/report.go:31.18,36.4 4 1
github.com/mach6/go-covercheck/pkg/output/report.go:36.9,40.4 3 1
github.com/mach6/go-covercheck/pkg/output/report.go:41.25,42.18 1 1
github.com/mach6/go-covercheck/pkg/output/report.go:42.18,45.4 2 1
github.com/mach6/go-covercheck/pkg/output/report.go:45.9,49.4 3 1
github.com/mach6/go-covercheck/pkg/output/report.go:50.10,51.81 1 0
github.com/mach6/go-covercheck/pkg/output/summary.go:15.82,16.19 1 1
github.com/mach6/go-covercheck/pkg/output/summary.go:16.19,18.3 1 0
github.com/mach6/go-covercheck/pkg/output/summary.go:20.2,20.17 1 1
github.com/mach6/go-covercheck/pkg/output/summary.go:20.17,23.3 2 0
github.com/mach6/go-covercheck/pkg/output/summary.go:25.2,28.22 4 1
github.com/mach6/go-covercheck/pkg/output/summary.go:31.43,32.74 1 1
github.com/mach6/go-covercheck/pkg/output/summary.go:32.74,34.3 1 0
github.com/mach6/go-covercheck/pkg/output/summary.go:36.2,39.42 4 1
github.com/mach6/go-covercheck/pkg/output/summary.go:39.42,47.3 2 1
github.com/mach6/go-covercheck/pkg/output/summary.go:49.2,51.38 3 1
github.com/mach6/go-covercheck/pkg/output/summary.go:51.38,59.3 2 0
github.com/mach6/go-covercheck/pkg/output/summary.go:62.47,64.38 2 1
github.com/mach6/go-covercheck/pkg/output/summary.go:64.38,65.16 1 1
github.com/mach6/go-covercheck/pkg/output/summary.go:65.16,66.12 1 0
github.com/mach6/go-covercheck/pkg/output/summary.go:69.3,69.16 1 1
github.com/mach6/go-covercheck/pkg/output/summary.go:69.16,72.4 2 1
github.com/mach6/go-covercheck/pkg/output/summary.go:74.3,74.25 1 1
github.com/mach6/go-covercheck/pkg/output/summary.go:78.44,80.35 2 1
github.com/mach6/go-covercheck/pkg/output/summary.go:80.35,81.16 1 1
github.com/mach6/go-covercheck/pkg/output/summary.go:81.16,82.12 1 0
github.com/mach6/go-covercheck/pkg/output/summary.go:85.3,85.16 1 1
github.com/mach6/go-covercheck/pkg/output/summary.go:85.16,88.4 2 1
github.com/mach6/go-covercheck/pkg/output/summary.go:90.3,90.22 1 1
github.com/mach6/go-covercheck/pkg/output/summary.go:94.51,97.50 2 1
github.com/mach6/go-covercheck/pkg/output/summary.go:97.50,105.3 2 1
github.com/mach6/go-covercheck/pkg/output/summary.go:107.2,107.42 1 1
github.com/mach6/go-covercheck/pkg/output/summary.go:107.42,115.3 2 1
github.com/mach6/go-covercheck/pkg/output/table.go:14.63,15.17 1 1
github.com/mach6/go-covercheck/pkg/output/table.go:15.17,17.3 1 0
github.com/mach6/go-covercheck/pkg/output/table.go:19.2,75.35 11 1
github.com/mach6/go-covercheck/pkg/output/table.go:75.35,86.3 3 1
github.com/mach6/go-covercheck/pkg/output/table.go:88.2,95.38 6 1
github.com/mach6/go-covercheck/pkg/output/table.go:95.38,106.3 3 1
github.com/mach6/go-covercheck/pkg/output/table.go:108.2,120.20 5 1
github.com/mach6/go-covercheck/pkg/output/table.go:121.23,122.21 1 0
github.com/mach6/go-covercheck/pkg/output/table.go:123.25,124.17 1 0
github.com/mach6/go-covercheck/pkg/output/table.go:125.24,126.16 1 0
github.com/mach6/go-covercheck/pkg/output/table.go:127.24,128.16 1 0
github.com/mach6/go-covercheck/pkg/output/table.go:129.10,130.13 1 1
