mode: set
github.com/mach6/go-covercheck/pkg/compute/compute.go:15.84,18.2 2 1
github.com/mach6/go-covercheck/pkg/compute/compute.go:20.77,31.29 3 1
github.com/mach6/go-covercheck/pkg/compute/compute.go:31.29,33.30 2 1
github.com/mach6/go-covercheck/pkg/compute/compute.go:33.30,35.19 2 1
github.com/mach6/go-covercheck/pkg/compute/compute.go:35.19,38.5 2 1
github.com/mach6/go-covercheck/pkg/compute/compute.go:39.4,39.12 1 1
github.com/mach6/go-covercheck/pkg/compute/compute.go:42.3,46.54 4 1
github.com/mach6/go-covercheck/pkg/compute/compute.go:46.54,48.4 1 1
github.com/mach6/go-covercheck/pkg/compute/compute.go:49.3,52.50 3 1
github.com/mach6/go-covercheck/pkg/compute/compute.go:52.50,54.4 1 1
github.com/mach6/go-covercheck/pkg/compute/compute.go:55.3,57.13 2 1
github.com/mach6/go-covercheck/pkg/compute/compute.go:57.13,59.4 1 1
github.com/mach6/go-covercheck/pkg/compute/compute.go:61.3,81.57 5 1
github.com/mach6/go-covercheck/pkg/compute/compute.go:84.2,91.32 5 1
github.com/mach6/go-covercheck/pkg/compute/compute.go:94.71,96.35 2 1
github.com/mach6/go-covercheck/pkg/compute/compute.go:96.35,100.53 2 1
github.com/mach6/go-covercheck/pkg/compute/compute.go:100.53,102.4 1 0
github.com/mach6/go-covercheck/pkg/compute/compute.go:103.3,107.32 5 1
github.com/mach6/go-covercheck/pkg/compute/compute.go:110.2,111.28 2 1
github.com/mach6/go-covercheck/pkg/compute/compute.go:111.28,118.56 6 1
github.com/mach6/go-covercheck/pkg/compute/compute.go:118.56,120.4 1 1
github.com/mach6/go-covercheck/pkg/compute/compute.go:121.3,124.52 3 1
github.com/mach6/go-covercheck/pkg/compute/compute.go:124.52,126.4 1 1
github.com/mach6/go-covercheck/pkg/compute/compute.go:127.3,129.15 2 1
github.com/mach6/go-covercheck/pkg/compute/compute.go:129.15,131.4 1 1
github.com/mach6/go-covercheck/pkg/compute/compute.go:132.3,132.51 1 1
github.com/mach6/go-covercheck/pkg/compute/compute.go:134.2,134.18 1 1
github.com/mach6/go-covercheck/pkg/compute/compute.go:137.54,153.2 8 1
github.com/mach6/go-covercheck/pkg/compute/compute.go:155.55,156.42 1 1
github.com/mach6/go-covercheck/pkg/compute/compute.go:156.42,162.21 4 1
github.com/mach6/go-covercheck/pkg/compute/compute.go:163.38,164.18 1 1
github.com/mach6/go-covercheck/pkg/compute/compute.go:164.18,166.5 1 1
github.com/mach6/go-covercheck/pkg/compute/compute.go:167.4,167.60 1 1
github.com/mach6/go-covercheck/pkg/compute/compute.go:168.34,169.18 1 1
github.com/mach6/go-covercheck/pkg/compute/compute.go:169.18,171.5 1 1
github.com/mach6/go-covercheck/pkg/compute/compute.go:172.4,172.52 1 1
github.com/mach6/go-covercheck/pkg/compute/compute.go:173.32,174.18 1 1
github.com/mach6/go-covercheck/pkg/compute/compute.go:174.18,176.5 1 1
github.com/mach6/go-covercheck/pkg/compute/compute.go:177.4,177.38 1 1
github.com/mach6/go-covercheck/pkg/compute/compute.go:178.28,179.18 1 1
github.com/mach6/go-covercheck/pkg/compute/compute.go:179.18,181.5 1 1
github.com/mach6/go-covercheck/pkg/compute/compute.go:182.4,182.40 1 1
github.com/mach6/go-covercheck/pkg/compute/compute.go:183.11,184.16 1 0
github.com/mach6/go-covercheck/pkg/compute/compute.go:189.60,190.20 1 1
github.com/mach6/go-covercheck/pkg/compute/compute.go:191.110,193.9 2 1
github.com/mach6/go-covercheck/pkg/compute/compute.go:194.10,196.43 1 1
github.com/mach6/go-covercheck/pkg/compute/compute.go:196.43,198.18 2 1
github.com/mach6/go-covercheck/pkg/compute/compute.go:198.18,200.5 1 1
github.com/mach6/go-covercheck/pkg/compute/compute.go:201.4,201.44 1 1
github.com/mach6/go-covercheck/pkg/compute/compute.go:206.66,207.20 1 1
github.com/mach6/go-covercheck/pkg/compute/compute.go:208.110,210.9 2 1
github.com/mach6/go-covercheck/pkg/compute/compute.go:211.10,213.43 1 1
github.com/mach6/go-covercheck/pkg/compute/compute.go:213.43,215.18 2 1
github.com/mach6/go-covercheck/pkg/compute/compute.go:215.18,217.5 1 1
github.com/mach6/go-covercheck/pkg/compute/compute.go:218.4,218.50 1 1
github.com/mach6/go-covercheck/pkg/compute/model.go:27.28,29.2 1 1
github.com/mach6/go-covercheck/pkg/compute/model.go:38.31,40.2 1 1
github.com/mach6/go-covercheck/pkg/compute/module.go:12.48,14.38 1 1
github.com/mach6/go-covercheck/pkg/compute/module.go:14.38,16.3 1 1
github.com/mach6/go-covercheck/pkg/compute/module.go:20.2,31.27 6 1
github.com/mach6/go-covercheck/pkg/compute/module.go:31.27,32.26 1 1
github.com/mach6/go-covercheck/pkg/compute/module.go:32.26,33.9 1 1
github.com/mach6/go-covercheck/pkg/compute/module.go:35.3,35.35 1 1
github.com/mach6/go-covercheck/pkg/compute/module.go:38.2,38.21 1 1
github.com/mach6/go-covercheck/pkg/compute/module.go:41.75,43.40 1 1
github.com/mach6/go-covercheck/pkg/compute/module.go:43.40,46.42 2 1
github.com/mach6/go-covercheck/pkg/compute/module.go:46.42,48.4 1 1
github.com/mach6/go-covercheck/pkg/compute/module.go:49.3,49.20 1 1
github.com/mach6/go-covercheck/pkg/compute/module.go:53.2,54.35 2 1
github.com/mach6/go-covercheck/pkg/compute/module.go:54.35,56.3 1 1
github.com/mach6/go-covercheck/pkg/compute/module.go:57.2,57.35 1 1
github.com/mach6/go-covercheck/pkg/compute/module.go:60.68,62.35 2 1
github.com/mach6/go-covercheck/pkg/compute/module.go:62.35,64.3 1 1
