mode: set
github.com/mach6/go-covercheck/pkg/output/color.go:15.42,17.2 1 1
github.com/mach6/go-covercheck/pkg/output/color.go:19.30,22.36 3 1
github.com/mach6/go-covercheck/pkg/output/color.go:22.36,27.3 1 1
github.com/mach6/go-covercheck/pkg/output/color.go:28.2,28.38 1 1
github.com/mach6/go-covercheck/pkg/output/color.go:28.38,33.3 1 1
github.com/mach6/go-covercheck/pkg/output/color.go:34.2,34.38 1 1
github.com/mach6/go-covercheck/pkg/output/color.go:34.38,39.3 1 1
github.com/mach6/go-covercheck/pkg/output/color.go:40.2,40.38 1 1
github.com/mach6/go-covercheck/pkg/output/color.go:40.38,45.3 1 0
github.com/mach6/go-covercheck/pkg/output/color.go:46.2,46.37 1 1
github.com/mach6/go-covercheck/pkg/output/color.go:46.37,51.3 1 0
github.com/mach6/go-covercheck/pkg/output/color.go:52.2,52.38 1 1
github.com/mach6/go-covercheck/pkg/output/color.go:52.38,57.3 1 1
github.com/mach6/go-covercheck/pkg/output/color.go:58.2,58.39 1 1
github.com/mach6/go-covercheck/pkg/output/color.go:58.39,63.3 1 0
github.com/mach6/go-covercheck/pkg/output/color.go:64.2,65.59 2 1
github.com/mach6/go-covercheck/pkg/output/color.go:68.72,69.9 1 1
github.com/mach6/go-covercheck/pkg/output/color.go:70.32,71.45 1 0
github.com/mach6/go-covercheck/pkg/output/color.go:72.17,73.45 1 0
github.com/mach6/go-covercheck/pkg/output/color.go:76.2,77.9 2 1
github.com/mach6/go-covercheck/pkg/output/color.go:78.17,79.45 1 1
github.com/mach6/go-covercheck/pkg/output/color.go:80.17,81.48 1 1
github.com/mach6/go-covercheck/pkg/output/color.go:82.10,83.47 1 1
github.com/mach6/go-covercheck/pkg/output/color.go:87.40,89.2 1 0
github.com/mach6/go-covercheck/pkg/output/history.go:17.83,27.53 5 1
github.com/mach6/go-covercheck/pkg/output/history.go:27.53,29.3 1 0
github.com/mach6/go-covercheck/pkg/output/history.go:32.78,35.41 2 1
github.com/mach6/go-covercheck/pkg/output/history.go:35.41,36.51 1 1
github.com/mach6/go-covercheck/pkg/output/history.go:36.51,37.36 1 1
github.com/mach6/go-covercheck/pkg/output/history.go:37.36,40.17 3 1
github.com/mach6/go-covercheck/pkg/output/history.go:40.17,41.22 1 1
github.com/mach6/go-covercheck/pkg/output/history.go:41.22,44.7 2 1
github.com/mach6/go-covercheck/pkg/output/history.go:46.6,46.12 1 1
github.com/mach6/go-covercheck/pkg/output/history.go:46.12,49.7 2 1
github.com/mach6/go-covercheck/pkg/output/history.go:50.6,50.12 1 1
github.com/mach6/go-covercheck/pkg/output/history.go:50.12,53.7 2 1
github.com/mach6/go-covercheck/pkg/output/history.go:58.2,58.20 1 1
github.com/mach6/go-covercheck/pkg/output/history.go:61.76,67.16 4 1
github.com/mach6/go-covercheck/pkg/output/history.go:67.16,70.10 3 1
github.com/mach6/go-covercheck/pkg/output/history.go:70.10,73.4 2 1
github.com/mach6/go-covercheck/pkg/output/history.go:74.3,74.10 1 1
github.com/mach6/go-covercheck/pkg/output/history.go:74.10,77.4 2 1
github.com/mach6/go-covercheck/pkg/output/history.go:79.2,79.22 1 1
github.com/mach6/go-covercheck/pkg/output/history.go:82.75,85.38 2 1
github.com/mach6/go-covercheck/pkg/output/history.go:85.38,86.48 1 1
github.com/mach6/go-covercheck/pkg/output/history.go:86.48,87.30 1 1
github.com/mach6/go-covercheck/pkg/output/history.go:87.30,90.17 3 1
github.com/mach6/go-covercheck/pkg/output/history.go:90.17,91.23 1 1
github.com/mach6/go-covercheck/pkg/output/history.go:91.23,94.7 2 1
github.com/mach6/go-covercheck/pkg/output/history.go:96.6,96.12 1 1
github.com/mach6/go-covercheck/pkg/output/history.go:96.12,99.7 2 1
github.com/mach6/go-covercheck/pkg/output/history.go:100.6,100.12 1 1
github.com/mach6/go-covercheck/pkg/output/history.go:100.12,103.7 2 1
github.com/mach6/go-covercheck/pkg/output/history.go:108.2,108.21 1 1
github.com/mach6/go-covercheck/pkg/output/history.go:112.69,114.42 2 1
github.com/mach6/go-covercheck/pkg/output/history.go:114.42,116.3 1 0
github.com/mach6/go-covercheck/pkg/output/history.go:118.2,118.39 1 1
github.com/mach6/go-covercheck/pkg/output/history.go:118.39,121.3 2 0
github.com/mach6/go-covercheck/pkg/output/history.go:123.2,169.23 6 1
github.com/mach6/go-covercheck/pkg/output/history.go:169.23,187.3 5 1
github.com/mach6/go-covercheck/pkg/output/history.go:189.2,193.56 2 1
github.com/mach6/go-covercheck/pkg/output/history.go:196.48,197.16 1 1
github.com/mach6/go-covercheck/pkg/output/history.go:197.16,199.3 1 0
github.com/mach6/go-covercheck/pkg/output/history.go:200.2,200.15 1 1
github.com/mach6/go-covercheck/pkg/output/history.go:200.15,202.3 1 1
github.com/mach6/go-covercheck/pkg/output/history.go:203.2,203.46 1 1
github.com/mach6/go-covercheck/pkg/output/history.go:206.46,207.24 1 1
github.com/mach6/go-covercheck/pkg/output/history.go:207.24,209.3 1 1
github.com/mach6/go-covercheck/pkg/output/history.go:210.2,213.29 4 0
github.com/mach6/go-covercheck/pkg/output/history.go:213.29,214.36 1 0
github.com/mach6/go-covercheck/pkg/output/history.go:214.36,217.4 2 0
github.com/mach6/go-covercheck/pkg/output/history.go:217.9,218.18 1 0
github.com/mach6/go-covercheck/pkg/output/history.go:218.18,220.5 1 0
github.com/mach6/go-covercheck/pkg/output/history.go:221.4,221.16 1 0
github.com/mach6/go-covercheck/pkg/output/history.go:224.2,224.16 1 0
github.com/mach6/go-covercheck/pkg/output/history.go:224.16,226.3 1 0
github.com/mach6/go-covercheck/pkg/output/history.go:227.2,227.36 1 0
github.com/mach6/go-covercheck/pkg/output/history.go:230.21,232.2 1 1
github.com/mach6/go-covercheck/pkg/output/history.go:234.21,236.2 1 1
github.com/mach6/go-covercheck/pkg/output/report.go:16.29,17.16 1 1
github.com/mach6/go-covercheck/pkg/output/report.go:17.16,20.3 2 0
github.com/mach6/go-covercheck/pkg/output/report.go:24.84,25.20 1 1
github.com/mach6/go-covercheck/pkg/output/report.go:26.98,29.42 3 1
github.com/mach6/go-covercheck/pkg/output/report.go:30.25,31.18 1 1
github.com/mach6/go-covercheck/pkg/output/report.go:31.18,36.4 4 1
github.com/mach6/go-covercheck/pkg/output/report.go:36.9,40.4 3 1
github.com/mach6/go-covercheck/pkg/output/report.go:41.25,42.18 1 1
github.com/mach6/go-covercheck/pkg/output/report.go:42.18,45.4 2 1
github.com/mach6/go-covercheck/pkg/output/report.go:45.9,49.4 3 1
github.com/mach6/go-covercheck/pkg/output/report.go:50.10,51.81 1 0
github.com/mach6/go-covercheck/pkg/output/summary.go:15.82,16.19 1 1
github.com/mach6/go-covercheck/pkg/output/summary.go:16.19,18.3 1 0
github.com/mach6/go-covercheck/pkg/output/summary.go:20.2,20.17 1 1
github.com/mach6/go-covercheck/pkg/output/summary.go:20.17,23.3 2 0
github.com/mach6/go-covercheck/pkg/output/summary.go:25.2,28.22 4 1
github.com/mach6/go-covercheck/pkg/output/summary.go:31.43,32.74 1 1
github.com/mach6/go-covercheck/pkg/output/summary.go:32.74,34.3 1 0
github.com/mach6/go-covercheck/pkg/output/summary.go:36.2,39.42 4 1
github.com/mach6/go-covercheck/pkg/output/summary.go:39.42,47.3 2 1
github.com/mach6/go-covercheck/pkg/output/summary.go:49.2,51.38 3 1
github.com/mach6/go-covercheck/pkg/output/summary.go:51.38,59.3 2 0
github.com/mach6/go-covercheck/pkg/output/summary.go:62.47,64.38 2 1
github.com/mach6/go-covercheck/pkg/output/summary.go:64.38,65.16 1 1
github.com/mach6/go-covercheck/pkg/output/summary.go:65.16,66.12 1 0
github.com/mach6/go-covercheck/pkg/output/summary.go:69.3,69.16 1 1
github.com/mach6/go-covercheck/pkg/output/summary.go:69.16,72.4 2 1
github.com/mach6/go-covercheck/pkg/output/summary.go:74.3,74.25 1 1
github.com/mach6/go-covercheck/pkg/output/summary.go:78.44,80.35 2 1
github.com/mach6/go-covercheck/pkg/output/summary.go:80.35,81.16 1 1
github.com/mach6/go-covercheck/pkg/output/summary.go:81.16,82.12 1 0
github.com/mach6/go-covercheck/pkg/output/summary.go:85.3,85.16 1 1
github.com/mach6/go-covercheck/pkg/output/summary.go:85.16,88.4 2 1
github.com/mach6/go-covercheck/pkg/output/summary.go:90.3,90.22 1 1
github.com/mach6/go-covercheck/pkg/output/summary.go:94.51,97.50 2 1
github.com/mach6/go-covercheck/pkg/output/summary.go:97.50,105.3 2 1
github.com/mach6/go-covercheck/pkg/output/summary.go:107.2,107.42 1 1
github.com/mach6/go-covercheck/pkg/output/summary.go:107.42,115.3 2 1
github.com/mach6/go-covercheck/pkg/output/table.go:14.63,15.17 1 1
github.com/mach6/go-covercheck/pkg/output/table.go:15.17,17.3 1 0
github.com/mach6/go-covercheck/pkg/output/table.go:19.2,60.28 8 1
github.com/mach6/go-covercheck/pkg/output/table.go:60.28,70.3 2 0
github.com/mach6/go-covercheck/pkg/output/table.go:70.8,79.3 2 1
github.com/mach6/go-covercheck/pkg/output/table.go:81.2,88.35 6 1
github.com/mach6/go-covercheck/pkg/output/table.go:88.35,93.29 4 1
github.com/mach6/go-covercheck/pkg/output/table.go:93.29,95.37 2 0
github.com/mach6/go-covercheck/pkg/output/table.go:95.37,98.5 1 0
github.com/mach6/go-covercheck/pkg/output/table.go:99.4,106.5 1 0
github.com/mach6/go-covercheck/pkg/output/table.go:107.9,115.4 1 1
github.com/mach6/go-covercheck/pkg/output/table.go:116.3,116.19 1 1
github.com/mach6/go-covercheck/pkg/output/table.go:119.2,123.38 4 1
github.com/mach6/go-covercheck/pkg/output/table.go:123.38,128.29 4 1
github.com/mach6/go-covercheck/pkg/output/table.go:128.29,138.4 1 0
github.com/mach6/go-covercheck/pkg/output/table.go:138.9,146.4 1 1
github.com/mach6/go-covercheck/pkg/output/table.go:147.3,147.19 1 1
github.com/mach6/go-covercheck/pkg/output/table.go:150.2,158.28 7 1
github.com/mach6/go-covercheck/pkg/output/table.go:158.28,167.3 1 0
github.com/mach6/go-covercheck/pkg/output/table.go:167.8,175.3 1 1
github.com/mach6/go-covercheck/pkg/output/table.go:177.2,179.20 2 1
github.com/mach6/go-covercheck/pkg/output/table.go:180.23,181.21 1 0
github.com/mach6/go-covercheck/pkg/output/table.go:182.25,183.17 1 0
github.com/mach6/go-covercheck/pkg/output/table.go:184.24,185.16 1 0
github.com/mach6/go-covercheck/pkg/output/table.go:186.24,187.16 1 0
github.com/mach6/go-covercheck/pkg/output/table.go:188.10,189.13 1 1
